<?xml version="1.0" encoding="UTF-8"?>
<testng-results ignored="0" total="1" passed="1" failed="0" skipped="0">
  <reporter-output>
  </reporter-output>
  <suite started-at="2022-07-16T18:50:01 BST" name="Default Suite" finished-at="2022-07-16T18:50:01 BST" duration-ms="83">
    <groups>
    </groups>
    <test started-at="2022-07-16T18:50:01 BST" name="TestNG_Maven" finished-at="2022-07-16T18:50:01 BST" duration-ms="83">
      <class name="TestCases">
        <test-method signature="test1()[pri:0, instance:TestCases@7bb58ca3]" started-at="2022-07-16T18:50:01 BST" name="test1" finished-at="2022-07-16T18:50:01 BST" duration-ms="10" status="PASS">
          <reporter-output>
          </reporter-output>
        </test-method> <!-- test1 -->
      </class> <!-- TestCases -->
    </test> <!-- TestNG_Maven -->
  </suite> <!-- Default Suite -->
</testng-results>
